build/outputs/logs/manifest-merger-release-report.txt
-- Merging decision tree log ---
manifest
ADDED from GrabMoneyV1.0.12\GrabMoney\AndroidManifest.xml:2:1-53:12
INJECTED from GrabMoneyV1.0.12\GrabMoney\AndroidManifest.xml:2:1-53:12
INJECTED from GrabMoneyV1.0.12\GrabMoney\AndroidManifest.xml:2:1-53:12
MERGED from [com.android.support:support-v4:25.1.0] AndroidManifest.xml:17:1-27:12
MERGED from [com.android.support:support-fragment:25.1.0] AndroidManifest.xml:17:1-27:12
MERGED from [com.android.support:support-media-compat:25.1.0] AndroidManifest.xml:17:1-27:12
MERGED from [com.android.support:support-core-utils:25.1.0] AndroidManifest.xml:17:1-27:12
MERGED from [com.android.support:support-core-ui:25.1.0] AndroidManifest.xml:17:1-27:12
MERGED from [com.android.support:support-compat:25.1.0] AndroidManifest.xml:17:1-27:12
INJECTED from GrabMoneyV1.0.12\GrabMoney\AndroidManifest.xml:2:1-53:12
INJECTED from GrabMoneyV1.0.12\GrabMoney\AndroidManifest.xml:2:1-53:12
	package
		ADDED from GrabMoneyV1.0.12\GrabMoney\AndroidManifest.xml:4:11-38
	android:versionName
		ADDED from GrabMoneyV1.0.12\GrabMoney\AndroidManifest.xml:6:11-40
		INJECTED from GrabMoneyV1.0.12\GrabMoney\AndroidManifest.xml
		INJECTED from GrabMoneyV1.0.12\GrabMoney\AndroidManifest.xml
	xmlns:tools
		ADDED from GrabMoneyV1.0.12\GrabMoney\AndroidManifest.xml:3:11-57
	xmlns:android
		ADDED from GrabMoneyV1.0.12\GrabMoney\AndroidManifest.xml:2:11-69
	android:versionCode
		ADDED from GrabMoneyV1.0.12\GrabMoney\AndroidManifest.xml:5:11-35
		INJECTED from GrabMoneyV1.0.12\GrabMoney\AndroidManifest.xml
		INJECTED from GrabMoneyV1.0.12\GrabMoney\AndroidManifest.xml
uses-sdk
ADDED from GrabMoneyV1.0.12\GrabMoney\AndroidManifest.xml:8:5-10:40
INJECTED from GrabMoneyV1.0.12\GrabMoney\AndroidManifest.xml:8:5-10:40
MERGED from [com.android.support:support-v4:25.1.0] AndroidManifest.xml:21:5-23:54
MERGED from [com.android.support:support-v4:25.1.0] AndroidManifest.xml:21:5-23:54
MERGED from [com.android.support:support-fragment:25.1.0] AndroidManifest.xml:21:5-23:60
MERGED from [com.android.support:support-fragment:25.1.0] AndroidManifest.xml:21:5-23:60
MERGED from [com.android.support:support-media-compat:25.1.0] AndroidManifest.xml:21:5-23:63
MERGED from [com.android.support:support-media-compat:25.1.0] AndroidManifest.xml:21:5-23:63
MERGED from [com.android.support:support-core-utils:25.1.0] AndroidManifest.xml:21:5-23:61
MERGED from [com.android.support:support-core-utils:25.1.0] AndroidManifest.xml:21:5-23:61
MERGED from [com.android.support:support-core-ui:25.1.0] AndroidManifest.xml:21:5-23:58
MERGED from [com.android.support:support-core-ui:25.1.0] AndroidManifest.xml:21:5-23:58
MERGED from [com.android.support:support-compat:25.1.0] AndroidManifest.xml:21:5-23:58
MERGED from [com.android.support:support-compat:25.1.0] AndroidManifest.xml:21:5-23:58
INJECTED from GrabMoneyV1.0.12\GrabMoney\AndroidManifest.xml:8:5-10:40
	tools:overrideLibrary
		ADDED from [com.android.support:support-v4:25.1.0] AndroidManifest.xml:23:9-51
	android:targetSdkVersion
		ADDED from GrabMoneyV1.0.12\GrabMoney\AndroidManifest.xml:10:9-38
	android:minSdkVersion
		ADDED from GrabMoneyV1.0.12\GrabMoney\AndroidManifest.xml:9:9-35
		INJECTED from GrabMoneyV1.0.12\GrabMoney\AndroidManifest.xml
		INJECTED from GrabMoneyV1.0.12\GrabMoney\AndroidManifest.xml
uses-permission#android.permission.INTERNET
ADDED from GrabMoneyV1.0.12\GrabMoney\AndroidManifest.xml:12:5-66
	android:name
		ADDED from GrabMoneyV1.0.12\GrabMoney\AndroidManifest.xml:12:22-64
uses-permission#android.permission.VIBRATE
ADDED from GrabMoneyV1.0.12\GrabMoney\AndroidManifest.xml:13:5-65
	android:name
		ADDED from GrabMoneyV1.0.12\GrabMoney\AndroidManifest.xml:13:22-63
uses-permission#android.permission.WAKE_LOCK
ADDED from GrabMoneyV1.0.12\GrabMoney\AndroidManifest.xml:14:5-67
	android:name
		ADDED from GrabMoneyV1.0.12\GrabMoney\AndroidManifest.xml:14:22-65
uses-permission#android.permission.DISABLE_KEYGUARD
ADDED from GrabMoneyV1.0.12\GrabMoney\AndroidManifest.xml:15:5-74
	android:name
		ADDED from GrabMoneyV1.0.12\GrabMoney\AndroidManifest.xml:15:22-72
application
ADDED from GrabMoneyV1.0.12\GrabMoney\AndroidManifest.xml:21:5-51:19
MERGED from [com.android.support:support-v4:25.1.0] AndroidManifest.xml:25:5-20
MERGED from [com.android.support:support-v4:25.1.0] AndroidManifest.xml:25:5-20
MERGED from [com.android.support:support-fragment:25.1.0] AndroidManifest.xml:25:5-20
MERGED from [com.android.support:support-fragment:25.1.0] AndroidManifest.xml:25:5-20
MERGED from [com.android.support:support-media-compat:25.1.0] AndroidManifest.xml:25:5-20
MERGED from [com.android.support:support-media-compat:25.1.0] AndroidManifest.xml:25:5-20
MERGED from [com.android.support:support-core-utils:25.1.0] AndroidManifest.xml:25:5-20
MERGED from [com.android.support:support-core-utils:25.1.0] AndroidManifest.xml:25:5-20
MERGED from [com.android.support:support-core-ui:25.1.0] AndroidManifest.xml:25:5-20
MERGED from [com.android.support:support-core-ui:25.1.0] AndroidManifest.xml:25:5-20
MERGED from [com.android.support:support-compat:25.1.0] AndroidManifest.xml:25:5-20
MERGED from [com.android.support:support-compat:25.1.0] AndroidManifest.xml:25:5-20
	android:label
		ADDED from GrabMoneyV1.0.12\GrabMoney\AndroidManifest.xml:24:9-41
	android:icon
		ADDED from GrabMoneyV1.0.12\GrabMoney\AndroidManifest.xml:23:9-45
	android:allowBackup
		ADDED from GrabMoneyV1.0.12\GrabMoney\AndroidManifest.xml:22:9-35
	android:theme
		ADDED from GrabMoneyV1.0.12\GrabMoney\AndroidManifest.xml:25:9-40
activity#com.wei.grabmoney.ui.MainActivity
ADDED from GrabMoneyV1.0.12\GrabMoney\AndroidManifest.xml:26:9-37:20
	android:screenOrientation
		ADDED from GrabMoneyV1.0.12\GrabMoney\AndroidManifest.xml:31:13-49
	android:label
		ADDED from GrabMoneyV1.0.12\GrabMoney\AndroidManifest.xml:29:13-45
	android:windowSoftInputMode
		ADDED from GrabMoneyV1.0.12\GrabMoney\AndroidManifest.xml:30:13-67
	android:configChanges
		ADDED from GrabMoneyV1.0.12\GrabMoney\AndroidManifest.xml:28:13-83
	android:name
		ADDED from GrabMoneyV1.0.12\GrabMoney\AndroidManifest.xml:27:13-44
intent-filter#android.intent.action.MAIN+android.intent.category.LAUNCHER
ADDED from GrabMoneyV1.0.12\GrabMoney\AndroidManifest.xml:32:13-36:29
action#android.intent.action.MAIN
ADDED from GrabMoneyV1.0.12\GrabMoney\AndroidManifest.xml:33:17-68
	android:name
		ADDED from GrabMoneyV1.0.12\GrabMoney\AndroidManifest.xml:33:25-66
category#android.intent.category.LAUNCHER
ADDED from GrabMoneyV1.0.12\GrabMoney\AndroidManifest.xml:35:17-76
	android:name
		ADDED from GrabMoneyV1.0.12\GrabMoney\AndroidManifest.xml:35:27-74
activity#com.wei.grabmoney.ui.EmptyActivity
ADDED from GrabMoneyV1.0.12\GrabMoney\AndroidManifest.xml:38:9-39:45
	android:launchMode
		ADDED from GrabMoneyV1.0.12\GrabMoney\AndroidManifest.xml:39:13-43
	android:name
		ADDED from GrabMoneyV1.0.12\GrabMoney\AndroidManifest.xml:38:19-51
service#com.wei.grabmoney.service.GrabMoneyService
ADDED from GrabMoneyV1.0.12\GrabMoney\AndroidManifest.xml:40:9-50:19
	android:permission
		ADDED from GrabMoneyV1.0.12\GrabMoney\AndroidManifest.xml:42:13-79
	android:name
		ADDED from GrabMoneyV1.0.12\GrabMoney\AndroidManifest.xml:41:13-53
intent-filter#android.accessibilityservice.AccessibilityService
ADDED from GrabMoneyV1.0.12\GrabMoney\AndroidManifest.xml:43:13-45:29
action#android.accessibilityservice.AccessibilityService
ADDED from GrabMoneyV1.0.12\GrabMoney\AndroidManifest.xml:44:17-91
	android:name
		ADDED from GrabMoneyV1.0.12\GrabMoney\AndroidManifest.xml:44:25-89
meta-data#android.accessibilityservice
ADDED from GrabMoneyV1.0.12\GrabMoney\AndroidManifest.xml:47:13-49:68
	android:resource
		ADDED from GrabMoneyV1.0.12\GrabMoney\AndroidManifest.xml:49:17-66
	android:name
		ADDED from GrabMoneyV1.0.12\GrabMoney\AndroidManifest.xml:48:17-60